<?xml version="1.0" encoding="UTF-8"?>
<!-- Generated by org.testng.reporters.JUnitReportReporter -->
<testsuite skipped="0" hostname="DESKTOP-KBNBBMI" name="com.comcast.Contact.ContactTest" tests="2" failures="0" timestamp="2021-09-21T22:23:18 IST" time="0.013" errors="0">
  <testcase name="creatContactWithOrgnTest" time="0.002" classname="com.comcast.Contact.ContactTest"/>
  <system-out/>
  <testcase name="creatContactTest" time="0.011" classname="com.comcast.Contact.ContactTest"/>
  <system-out/>
</testsuite> <!-- com.comcast.Contact.ContactTest -->
