<?xml version="1.0" encoding="UTF-8"?>
<!-- Generated by org.testng.reporters.JUnitReportReporter -->
<testsuite skipped="0" hostname="DESKTOP-KBNBBMI" name="com.comcast.Contact.CreatOrg" tests="3" failures="0" timestamp="2021-09-21T22:27:50 IST" time="0.018" errors="0">
  <testcase name="deleatOrgTest" time="0.002" classname="com.comcast.Contact.CreatOrg"/>
  <system-out/>
  <testcase name="modifyOrgTest" time="0.006" classname="com.comcast.Contact.CreatOrg"/>
  <system-out/>
  <testcase name="creatOrgTest" time="0.010" classname="com.comcast.Contact.CreatOrg"/>
  <system-out/>
</testsuite> <!-- com.comcast.Contact.CreatOrg -->
